<?xml version="1.0" encoding="UTF-8"?>
<testng-results skipped="0" failed="0" total="1" passed="1">
  <reporter-output>
  </reporter-output>
  <suite name="Default suite" duration-ms="10363" started-at="2022-05-07T13:34:51Z" finished-at="2022-05-07T13:35:02Z">
    <groups>
    </groups>
    <test name="Default test" duration-ms="10363" started-at="2022-05-07T13:34:51Z" finished-at="2022-05-07T13:35:02Z">
      <class name="testing.MVNNewProj.Sample">
        <test-method status="PASS" signature="sampleOne()[pri:0, instance:testing.MVNNewProj.Sample@3cc2931c]" name="sampleOne" duration-ms="10349" started-at="2022-05-07T19:04:51Z" finished-at="2022-05-07T19:05:02Z">
          <reporter-output>
          </reporter-output>
        </test-method> <!-- sampleOne -->
      </class> <!-- testing.MVNNewProj.Sample -->
    </test> <!-- Default test -->
  </suite> <!-- Default suite -->
</testng-results>
